<?xml version='1.0' encoding='UTF-8'?>
<testsuite hostname="Stefanoss-MBP.lan" name="co.uk.noreasonexception.exersise.chapterone.B_PrintableLibrary" tests="1" errors="0" failures="0" skipped="0" time="0.023" timestamp="2022-01-05T17:59:45">
          <properties>
[...]
</properties>
          <testcase classname="co.uk.noreasonexception.exersise.chapterone.B_PrintableLibrary" name="A cat should be able to formatted correctly" time="0.023">
                      
                    </testcase>
          <system-out><![CDATA[]]></system-out>
          <system-err><![CDATA[]]></system-err>
        </testsuite>